[debug] [2021-01-22T17:35:43.136Z] ----------------------------------------------------------------------
[debug] [2021-01-22T17:35:43.138Z] Command:       /usr/bin/node /usr/bin/firebase init
[debug] [2021-01-22T17:35:43.138Z] CLI Version:   9.2.2
[debug] [2021-01-22T17:35:43.138Z] Platform:      linux
[debug] [2021-01-22T17:35:43.138Z] Node Version:  v15.6.0
[debug] [2021-01-22T17:35:43.138Z] Time:          Fri Jan 22 2021 23:05:43 GMT+0530 (India Standard Time)
[debug] [2021-01-22T17:35:43.138Z] ----------------------------------------------------------------------
[debug] [2021-01-22T17:35:43.139Z] 
[debug] [2021-01-22T17:35:43.142Z] > command requires scopes: ["email","openid","https://www.googleapis.com/auth/cloudplatformprojects.readonly","https://www.googleapis.com/auth/firebase","https://www.googleapis.com/auth/cloud-platform"]
[debug] [2021-01-22T17:35:43.142Z] > authorizing via signed-in user
[info] 
     ######## #### ########  ######## ########     ###     ######  ########
     ##        ##  ##     ## ##       ##     ##  ##   ##  ##       ##
     ######    ##  ########  ######   ########  #########  ######  ######
     ##        ##  ##    ##  ##       ##     ## ##     ##       ## ##
     ##       #### ##     ## ######## ########  ##     ##  ######  ########

You're about to initialize a Firebase project in this directory:

  /home/bandara/Desktop/Template/project_chathiya_aiya/Flattern-bootstrap-5/Flattern

[info] 
=== Project Setup
[info] 
[info] First, let's associate this project directory with a Firebase project.
[info] You can create multiple project aliases by running firebase use --add, 
[info] but for now we'll just set up a default project.
[info] 
[debug] [2021-01-22T17:36:17.205Z] >>> [apiv2][query] GET https://firebase.googleapis.com/v1beta1/projects pageSize=100
[debug] [2021-01-22T17:36:18.018Z] <<< [apiv2][status] GET https://firebase.googleapis.com/v1beta1/projects 200
[debug] [2021-01-22T17:36:18.018Z] <<< [apiv2][body] GET https://firebase.googleapis.com/v1beta1/projects [omitted]
[info] i  Using project cskaluminium (cskaluminium) 
[info] 
=== Hosting Setup
[info] 
[info] Your public directory is the folder (relative to your project directory) that
[info] will contain Hosting assets to be uploaded with firebase deploy. If you
[info] have a build process for your assets, use your build's output directory.
[info] 
[info] ✔  Wrote public/404.html 
[debug] [2021-01-22T17:39:04.867Z] >>> [apiv2][query] GET https://www.gstatic.com/firebasejs/releases.json [none]
[debug] [2021-01-22T17:39:05.358Z] <<< [apiv2][status] GET https://www.gstatic.com/firebasejs/releases.json 200
[debug] [2021-01-22T17:39:05.358Z] <<< [apiv2][body] GET https://www.gstatic.com/firebasejs/releases.json {"current":{"version":"8.2.4","browserURL":"https://www.gstatic.com/firebasejs/8.2.4/firebase.js","packageURL":"https://www.gstatic.com/firebasejs/8.2.4/firebase.tgz"},"live":{"version":"8.2","browserURL":"https://www.gstatic.com/firebasejs/live/8.2/firebase.js","packageURL":"https://www.gstatic.com/firebasejs/live/8.2/firebase.tgz"},"components":{"analytics":"https://www.gstatic.com/firebasejs/8.2.4/firebase-analytics.js","app":"https://www.gstatic.com/firebasejs/8.2.4/firebase-app.js","auth":"https://www.gstatic.com/firebasejs/8.2.4/firebase-auth.js","database":"https://www.gstatic.com/firebasejs/8.2.4/firebase-database.js","firestore":"https://www.gstatic.com/firebasejs/8.2.4/firebase-firestore.js","functions":"https://www.gstatic.com/firebasejs/8.2.4/firebase-functions.js","installations":"https://www.gstatic.com/firebasejs/8.2.4/firebase-installations.js","messaging":"https://www.gstatic.com/firebasejs/8.2.4/firebase-messaging.js","storage":"https://www.gstatic.com/firebasejs/8.2.4/firebase-storage.js","performance":"https://www.gstatic.com/firebasejs/8.2.4/firebase-performance.js","remote-config":"https://www.gstatic.com/firebasejs/8.2.4/firebase-remote-config.js","firestore.memory":"https://www.gstatic.com/firebasejs/8.2.4/firebase-firestore.memory.js"}}
[info] i  Skipping write of public/index.html 
[info] 
[info] i  Detected a .git folder at /home/bandara 
[info] i  Authorizing with GitHub to upload your service account to a GitHub repository's secrets store. 
[info] 
[info] Visit this URL on this device to log in:
[info] https://github.com/login/oauth/authorize?client_id=89cf50f02ac6aaed3484&state=938323129&redirect_uri=http%3A%2F%2Flocalhost%3A9005&scope=read%3Auser%20repo%20public_repo
[info] 
[info] Waiting for authentication...
[debug] [2021-01-22T17:39:57.852Z] >>> HTTP REQUEST POST https://github.com/login/oauth/access_token  
 {"client_id":"89cf50f02ac6aaed3484","client_secret":"3330d14abc895d9a74d5f17cd7a00711fa2c5bf0","code":"93a1200abc079466637d","redirect_uri":"http://localhost:9005","state":"938323129"}
[debug] [2021-01-22T17:39:58.622Z] <<< HTTP RESPONSE 200 {"date":"Fri, 22 Jan 2021 17:39:58 GMT","content-type":"application/json; charset=utf-8","transfer-encoding":"chunked","server":"GitHub.com","status":"200 OK","vary":"X-PJAX, Accept-Encoding, Accept, X-Requested-With, Accept-Encoding","etag":"W/\"f92784385dd42593e0a55f9b4a119304\"","cache-control":"max-age=0, private, must-revalidate","strict-transport-security":"max-age=31536000; includeSubdomains; preload","x-frame-options":"deny","x-content-type-options":"nosniff","x-xss-protection":"1; mode=block","referrer-policy":"origin-when-cross-origin, strict-origin-when-cross-origin","expect-ct":"max-age=2592000, report-uri=\"https://api.github.com/_private/browser/errors\"","content-security-policy":"default-src 'none'; base-uri 'self'; block-all-mixed-content; connect-src 'self' uploads.github.com www.githubstatus.com collector.githubapp.com api.github.com github-cloud.s3.amazonaws.com github-production-repository-file-5c1aeb.s3.amazonaws.com github-production-upload-manifest-file-7fdce7.s3.amazonaws.com github-production-user-asset-6210df.s3.amazonaws.com cdn.optimizely.com logx.optimizely.com/v1/events wss://alive.github.com; font-src github.githubassets.com; form-action 'self' github.com gist.github.com; frame-ancestors 'none'; frame-src render.githubusercontent.com; img-src 'self' data: github.githubassets.com identicons.github.com collector.githubapp.com github-cloud.s3.amazonaws.com *.githubusercontent.com; manifest-src 'self'; media-src 'none'; script-src github.githubassets.com; style-src 'unsafe-inline' github.githubassets.com; worker-src github.com/socket-worker-5029ae85.js gist.github.com/socket-worker-5029ae85.js","x-github-request-id":"638E:4BF8:E50A3C:101C11F:600B0DEE"}
[debug] [2021-01-22T17:39:58.624Z] >>> [apiv2][query] GET https://api.github.com/user [none]
[debug] [2021-01-22T17:39:59.238Z] <<< [apiv2][status] GET https://api.github.com/user 200
[debug] [2021-01-22T17:39:59.238Z] <<< [apiv2][body] GET https://api.github.com/user {"login":"cb-tennkoon","id":42653038,"node_id":"MDQ6VXNlcjQyNjUzMDM4","avatar_url":"https://avatars.githubusercontent.com/u/42653038?v=4","gravatar_id":"","url":"https://api.github.com/users/cb-tennkoon","html_url":"https://github.com/cb-tennkoon","followers_url":"https://api.github.com/users/cb-tennkoon/followers","following_url":"https://api.github.com/users/cb-tennkoon/following{/other_user}","gists_url":"https://api.github.com/users/cb-tennkoon/gists{/gist_id}","starred_url":"https://api.github.com/users/cb-tennkoon/starred{/owner}{/repo}","subscriptions_url":"https://api.github.com/users/cb-tennkoon/subscriptions","organizations_url":"https://api.github.com/users/cb-tennkoon/orgs","repos_url":"https://api.github.com/users/cb-tennkoon/repos","events_url":"https://api.github.com/users/cb-tennkoon/events{/privacy}","received_events_url":"https://api.github.com/users/cb-tennkoon/received_events","type":"User","site_admin":false,"name":null,"company":null,"blog":"","location":null,"email":null,"hireable":null,"bio":null,"twitter_username":null,"public_repos":11,"public_gists":0,"followers":0,"following":1,"created_at":"2018-08-23T17:55:04Z","updated_at":"2021-01-22T17:39:43Z","private_gists":0,"total_private_repos":1,"owned_private_repos":1,"disk_usage":720207,"collaborators":0,"two_factor_authentication":false,"plan":{"name":"free","space":976562499,"collaborators":0,"private_repos":10000}}
[info] 
[info] ✔  Success! Logged into GitHub as cb-tennkoon 
[info] 
[debug] [2021-01-22T17:41:50.203Z] >>> [apiv2][query] GET https://api.github.com/repos/cskaluminium/actions/secrets/public-key type=owner
[debug] [2021-01-22T17:41:50.854Z] <<< [apiv2][status] GET https://api.github.com/repos/cskaluminium/actions/secrets/public-key 404
[debug] [2021-01-22T17:41:50.854Z] <<< [apiv2][body] GET https://api.github.com/repos/cskaluminium/actions/secrets/public-key {"message":"Not Found","documentation_url":"https://docs.github.com/rest"}
[debug] [2021-01-22T17:42:18.916Z] >>> [apiv2][query] GET https://api.github.com/repos/repository/actions/secrets/public-key type=owner
[debug] [2021-01-22T17:42:19.730Z] <<< [apiv2][status] GET https://api.github.com/repos/repository/actions/secrets/public-key 404
[debug] [2021-01-22T17:42:19.730Z] <<< [apiv2][body] GET https://api.github.com/repos/repository/actions/secrets/public-key {"message":"Not Found","documentation_url":"https://docs.github.com/rest"}
[debug] [2021-01-22T17:42:23.475Z] >>> [apiv2][query] GET https://api.github.com/repos/r/actions/secrets/public-key type=owner
[debug] [2021-01-22T17:42:24.032Z] <<< [apiv2][status] GET https://api.github.com/repos/r/actions/secrets/public-key 404
[debug] [2021-01-22T17:42:24.032Z] <<< [apiv2][body] GET https://api.github.com/repos/r/actions/secrets/public-key {"message":"Not Found","documentation_url":"https://docs.github.com/rest"}
[debug] [2021-01-22T17:42:48.582Z] >>> [apiv2][query] GET https://api.github.com/repos/user/actions/secrets/public-key type=owner
[debug] [2021-01-22T17:42:49.226Z] <<< [apiv2][status] GET https://api.github.com/repos/user/actions/secrets/public-key 404
[debug] [2021-01-22T17:42:49.227Z] <<< [apiv2][body] GET https://api.github.com/repos/user/actions/secrets/public-key {"message":"Not Found","documentation_url":"https://docs.github.com/rest"}
[debug] [2021-01-22T17:42:55.652Z] >>> [apiv2][query] GET https://api.github.com/repos/cskaluminium/actions/secrets/public-key type=owner
[debug] [2021-01-22T17:42:56.390Z] <<< [apiv2][status] GET https://api.github.com/repos/cskaluminium/actions/secrets/public-key 404
[debug] [2021-01-22T17:42:56.390Z] <<< [apiv2][body] GET https://api.github.com/repos/cskaluminium/actions/secrets/public-key {"message":"Not Found","documentation_url":"https://docs.github.com/rest"}
[debug] [2021-01-22T17:42:56.582Z] >>> [apiv2][query] GET https://api.github.com/repos//actions/secrets/public-key type=owner
[debug] [2021-01-22T17:42:57.198Z] <<< [apiv2][status] GET https://api.github.com/repos//actions/secrets/public-key 404
[debug] [2021-01-22T17:42:57.199Z] <<< [apiv2][body] GET https://api.github.com/repos//actions/secrets/public-key {"message":"Not Found","documentation_url":"https://docs.github.com/rest"}
